<?xml version="1.0" encoding="UTF-8"?>
<!-- Generated by org.testng.reporters.JUnitReportReporter -->
<testsuite hostname="DESKTOP-C9TK0K1" failures="0" tests="2" name="testNGMethodExe.MethodExecution" time="0.044" errors="0" timestamp="2023-05-26T09:21:02 IST" skipped="0">
  <testcase classname="testNGMethodExe.MethodExecution" name="method1" time="0.022"/>
  <system-out>
    <![CDATA[17 : is the thread id of method1
method 1]]>
  </system-out>
  <testcase classname="testNGMethodExe.MethodExecution" name="method2" time="0.022"/>
  <system-out>
    <![CDATA[18 : is the thread id of method2
method 2]]>
  </system-out>
</testsuite> <!-- testNGMethodExe.MethodExecution -->
