<?xml version="1.0" encoding="UTF-8"?>
<!-- Generated by org.testng.reporters.JUnitReportReporter -->
<testsuite hostname="DESKTOP-C9TK0K1" failures="0" tests="1" name="testNGFlag.Flag1" time="0.018" errors="0" timestamp="2023-05-26T09:52:43 IST" skipped="0">
  <testcase classname="testNGFlag.Flag1" name="method1" time="0.018"/>
  <system-out>
    <![CDATA[Method 1 Login!!]]>
  </system-out>
</testsuite> <!-- testNGFlag.Flag1 -->
