<?xml version="1.0" encoding="UTF-8"?>
<!-- Generated by org.testng.reporters.JUnitReportReporter -->
<testsuite hostname="DESKTOP-C9TK0K1" failures="0" tests="1" name="testNgPack2.Demo5" time="0.018" errors="0" timestamp="2023-05-23T10:00:28 IST" skipped="0">
  <testcase classname="testNgPack2.Demo5" name="r" time="0.018"/>
  <system-out>
    <![CDATA[r method from Demo5]]>
  </system-out>
</testsuite> <!-- testNgPack2.Demo5 -->
