<?xml version="1.0" encoding="UTF-8"?>
<!-- Generated by org.testng.reporters.JUnitReportReporter -->
<testsuite hostname="DESKTOP-C9TK0K1" failures="0" tests="2" name="testNGFlag.Flag2" time="0.022" errors="0" timestamp="2023-05-26T10:10:41 IST" skipped="0">
  <testcase classname="testNGFlag.Flag2" name="method1" time="0.019"/>
  <system-out>
    <![CDATA[Lgoin Performed!!]]>
  </system-out>
  <testcase classname="testNGFlag.Flag2" name="method2" time="0.003"/>
  <system-out>
    <![CDATA[Logout Performed]]>
  </system-out>
</testsuite> <!-- testNGFlag.Flag2 -->
