<?xml version="1.0" encoding="UTF-8"?>
<!-- Generated by org.testng.reporters.JUnitReportReporter -->
<testsuite hostname="DESKTOP-C9TK0K1" failures="0" tests="3" name="testNGAnnotation.GoogleSearchTestCase" time="62.702" errors="0" timestamp="2023-05-23T13:22:05 IST" skipped="0">
  <testcase classname="testNGAnnotation.GoogleSearchTestCase" name="search1" time="30.484"/>
  <system-out/>
  <testcase classname="testNGAnnotation.GoogleSearchTestCase" name="search2" time="16.529"/>
  <system-out/>
  <testcase classname="testNGAnnotation.GoogleSearchTestCase" name="search3" time="15.689"/>
  <system-out/>
</testsuite> <!-- testNGAnnotation.GoogleSearchTestCase -->
