<?xml version="1.0" encoding="UTF-8"?>
<!-- Generated by org.testng.reporters.JUnitReportReporter -->
<testsuite hostname="DESKTOP-C9TK0K1" failures="0" tests="1" name="testNgPackage.Demo1" time="0.016" errors="0" timestamp="2023-05-23T09:24:03 IST" skipped="0">
  <testcase classname="testNgPackage.Demo1" name="demo1Method" time="0.016"/>
  <system-out>
    <![CDATA[heyy SQL]]>
  </system-out>
</testsuite> <!-- testNgPackage.Demo1 -->
