<?xml version="1.0" encoding="UTF-8"?>
<!-- Generated by org.testng.reporters.JUnitReportReporter -->
<testsuite hostname="DESKTOP-C9TK0K1" failures="0" tests="10" name="testNGFlag.Flag3" time="0.072" errors="0" timestamp="2023-05-26T10:22:40 IST" skipped="0">
  <testcase classname="testNGFlag.Flag3" name="method1" time="0.003"/>
  <system-out>
    <![CDATA[Login test case!!]]>
  </system-out>
  <testcase classname="testNGFlag.Flag3" name="method1" time="0.005"/>
  <system-out>
    <![CDATA[Login test case!!]]>
  </system-out>
  <testcase classname="testNGFlag.Flag3" name="method1" time="0.010"/>
  <system-out>
    <![CDATA[Login test case!!]]>
  </system-out>
  <testcase classname="testNGFlag.Flag3" name="method1" time="0.004"/>
  <system-out>
    <![CDATA[Login test case!!]]>
  </system-out>
  <testcase classname="testNGFlag.Flag3" name="method1" time="0.007"/>
  <system-out>
    <![CDATA[Login test case!!]]>
  </system-out>
  <testcase classname="testNGFlag.Flag3" name="method1" time="0.011"/>
  <system-out>
    <![CDATA[Login test case!!]]>
  </system-out>
  <testcase classname="testNGFlag.Flag3" name="method1" time="0.005"/>
  <system-out>
    <![CDATA[Login test case!!]]>
  </system-out>
  <testcase classname="testNGFlag.Flag3" name="method1" time="0.018"/>
  <system-out>
    <![CDATA[Login test case!!]]>
  </system-out>
  <testcase classname="testNGFlag.Flag3" name="method1" time="0.005"/>
  <system-out>
    <![CDATA[Login test case!!]]>
  </system-out>
  <testcase classname="testNGFlag.Flag3" name="method1" time="0.004"/>
  <system-out>
    <![CDATA[Login test case!!]]>
  </system-out>
</testsuite> <!-- testNGFlag.Flag3 -->
