<?xml version="1.0" encoding="UTF-8"?>
<!-- Generated by org.testng.reporters.JUnitReportReporter -->
<testsuite hostname="DESKTOP-C9TK0K1" failures="0" tests="3" name="testNgPack2.Demo4" time="0.026" errors="0" timestamp="2023-05-23T09:57:32 IST" skipped="0">
  <testcase classname="testNgPack2.Demo4" name="m" time="0.010"/>
  <system-out>
    <![CDATA[m method from Demo4]]>
  </system-out>
  <testcase classname="testNgPack2.Demo4" name="o" time="0.009"/>
  <system-out>
    <![CDATA[o method from Demo4]]>
  </system-out>
  <testcase classname="testNgPack2.Demo4" name="n" time="0.007"/>
  <system-out>
    <![CDATA[n mrthod from Demo4]]>
  </system-out>
</testsuite> <!-- testNgPack2.Demo4 -->
