<?xml version="1.0" encoding="UTF-8"?>
<!-- Generated by org.testng.reporters.JUnitReportReporter -->
<testsuite hostname="DESKTOP-C9TK0K1" failures="0" tests="1" name="testNgPackage.Demo" time="0.006" errors="0" timestamp="2023-05-23T09:24:03 IST" skipped="0">
  <testcase classname="testNgPackage.Demo" name="f" time="0.006"/>
  <system-out>
    <![CDATA[heyy Java]]>
  </system-out>
</testsuite> <!-- testNgPackage.Demo -->
