<?xml version="1.0" encoding="UTF-8"?>
<!-- Generated by org.testng.reporters.JUnitReportReporter -->
<testsuite hostname="DESKTOP-C9TK0K1" failures="0" tests="6" name="testNGFlag.Flag4" time="0.044" errors="0" timestamp="2023-05-26T10:46:20 IST" skipped="0">
  <testcase classname="testNGFlag.Flag4" name="g" time="0.015"/>
  <system-out>
    <![CDATA[g method]]>
  </system-out>
  <testcase classname="testNGFlag.Flag4" name="j" time="0.007"/>
  <system-out>
    <![CDATA[j method]]>
  </system-out>
  <testcase classname="testNGFlag.Flag4" name="a" time="0.005"/>
  <system-out>
    <![CDATA[a method]]>
  </system-out>
  <testcase classname="testNGFlag.Flag4" name="h" time="0.004"/>
  <system-out>
    <![CDATA[h method]]>
  </system-out>
  <testcase classname="testNGFlag.Flag4" name="i" time="0.004"/>
  <system-out>
    <![CDATA[i method]]>
  </system-out>
  <testcase classname="testNGFlag.Flag4" name="f" time="0.009"/>
  <system-out>
    <![CDATA[f method]]>
  </system-out>
</testsuite> <!-- testNGFlag.Flag4 -->
