<?xml version="1.0" encoding="UTF-8"?>
<!-- Generated by org.testng.reporters.JUnitReportReporter -->
<testsuite hostname="DESKTOP-C9TK0K1" failures="0" tests="3" name="testNGFlag.Flag5" time="0.026" errors="0" timestamp="2023-05-26T11:03:03 IST" skipped="0">
  <testcase classname="testNGFlag.Flag5" name="logoutMethod" time="0.006"/>
  <system-out>
    <![CDATA[logout performed!!]]>
  </system-out>
  <testcase classname="testNGFlag.Flag5" name="login" time="0.015"/>
  <system-out>
    <![CDATA[login performed!!]]>
  </system-out>
  <testcase classname="testNGFlag.Flag5" name="createUser" time="0.005"/>
  <system-out>
    <![CDATA[user created!!]]>
  </system-out>
</testsuite> <!-- testNGFlag.Flag5 -->
