<?xml version="1.0" encoding="UTF-8"?>
<!-- Generated by org.testng.reporters.JUnitReportReporter -->
<testsuite hostname="DESKTOP-C9TK0K1" failures="0" tests="3" name="testNgPack2.Demo3" time="0.017" errors="0" timestamp="2023-05-23T09:57:31 IST" skipped="0">
  <testcase classname="testNgPack2.Demo3" name="z" time="0.006"/>
  <system-out>
    <![CDATA[z mthod from Demo3]]>
  </system-out>
  <testcase classname="testNgPack2.Demo3" name="x" time="0.004"/>
  <system-out>
    <![CDATA[X method from Demo3]]>
  </system-out>
  <testcase classname="testNgPack2.Demo3" name="y" time="0.007"/>
  <system-out>
    <![CDATA[y method from Demo3]]>
  </system-out>
</testsuite> <!-- testNgPack2.Demo3 -->
