<?xml version="1.0" encoding="UTF-8"?>
<!-- Generated by org.testng.reporters.JUnitReportReporter -->
<testsuite hostname="DESKTOP-C9TK0K1" failures="0" tests="2" name="testNGAnnotation.Annotations" time="0.037" errors="0" timestamp="2023-05-23T10:25:27 IST" skipped="0">
  <testcase classname="testNGAnnotation.Annotations" name="testMethod" time="0.011"/>
  <system-out>
    <![CDATA[test Annotation2]]>
  </system-out>
  <testcase classname="testNGAnnotation.Annotations" name="f" time="0.026"/>
  <system-out>
    <![CDATA[Test Annotation]]>
  </system-out>
</testsuite> <!-- testNGAnnotation.Annotations -->
