<?xml version="1.0" encoding="UTF-8"?>
<!-- Generated by org.testng.reporters.JUnitReportReporter -->
<testsuite hostname="DESKTOP-C9TK0K1" failures="0" tests="1" name="testNgPackage.Demo2" time="0.004" errors="0" timestamp="2023-05-23T09:24:03 IST" skipped="0">
  <testcase classname="testNgPackage.Demo2" name="demo2Method" time="0.004"/>
  <system-out>
    <![CDATA[heyy Selenium]]>
  </system-out>
</testsuite> <!-- testNgPackage.Demo2 -->
