<?xml version="1.0" encoding="UTF-8"?>
<!-- Generated by org.testng.reporters.JUnitReportReporter -->
<testsuite hostname="DESKTOP-C9TK0K1" failures="0" tests="1" name="testNGPack3.ParallelExe1" time="80.164" errors="0" timestamp="2023-05-24T10:46:41 IST" skipped="0">
  <testcase classname="testNGPack3.ParallelExe1" name="f" time="80.164"/>
  <system-out/>
</testsuite> <!-- testNGPack3.ParallelExe1 -->
